fail: 20-09-2024 12:07:50.887 RelationalEventId.CommandError[20102] (Microsoft.EntityFrameworkCore.Database.Command) 
      Failed executing DbCommand (95ms) [Parameters=[], CommandType='Text', CommandTimeout='30']
      SELECT [v].[VendorId], [v].[IsActive], [v].[VendorCode], [v].[VendorCreatedOn], [v].[VendorEmail], [v].[VendorLongName], [v].[VendorPhoneNumber]
      FROM [Vendor] AS [v]
fail: 20-09-2024 12:07:50.957 CoreEventId.QueryIterationFailed[10100] (Microsoft.EntityFrameworkCore.Query) 
      An exception occurred while iterating over the results of a query for context type 'vms.AppDbContext'.
      Microsoft.Data.SqlClient.SqlException (0x80131904): Invalid object name 'Vendor'.
         at Microsoft.Data.SqlClient.SqlCommand.<>c.<ExecuteDbDataReaderAsync>b__211_0(Task`1 result)
         at System.Threading.Tasks.ContinuationResultTaskFromResultTask`2.InnerInvoke()
         at System.Threading.ExecutionContext.RunInternal(ExecutionContext executionContext, ContextCallback callback, Object state)
      --- End of stack trace from previous location ---
         at System.Threading.ExecutionContext.RunInternal(ExecutionContext executionContext, ContextCallback callback, Object state)
         at System.Threading.Tasks.Task.ExecuteWithThreadLocal(Task& currentTaskSlot, Thread threadPoolThread)
      --- End of stack trace from previous location ---
         at Microsoft.EntityFrameworkCore.Storage.RelationalCommand.ExecuteReaderAsync(RelationalCommandParameterObject parameterObject, CancellationToken cancellationToken)
         at Microsoft.EntityFrameworkCore.Storage.RelationalCommand.ExecuteReaderAsync(RelationalCommandParameterObject parameterObject, CancellationToken cancellationToken)
         at Microsoft.EntityFrameworkCore.Query.Internal.SingleQueryingEnumerable`1.AsyncEnumerator.InitializeReaderAsync(AsyncEnumerator enumerator, CancellationToken cancellationToken)
         at Microsoft.EntityFrameworkCore.SqlServer.Storage.Internal.SqlServerExecutionStrategy.ExecuteAsync[TState,TResult](TState state, Func`4 operation, Func`4 verifySucceeded, CancellationToken cancellationToken)
         at Microsoft.EntityFrameworkCore.Query.Internal.SingleQueryingEnumerable`1.AsyncEnumerator.MoveNextAsync()
      ClientConnectionId:6e38bcef-a07b-49ce-aee3-cd49fef468be
      Error Number:208,State:1,Class:16
info: 20-09-2024 12:09:09.845 RelationalEventId.CommandExecuted[20101] (Microsoft.EntityFrameworkCore.Database.Command) 
      Executed DbCommand (31ms) [Parameters=[], CommandType='Text', CommandTimeout='30']
      SELECT [v].[VendorId], [v].[IsActive], [v].[VendorCode], [v].[VendorCreatedOn], [v].[VendorEmail], [v].[VendorLongName], [v].[VendorPhoneNumber]
      FROM [Vendors] AS [v]
info: 20-09-2024 12:10:45.656 RelationalEventId.CommandExecuted[20101] (Microsoft.EntityFrameworkCore.Database.Command) 
      Executed DbCommand (6ms) [Parameters=[], CommandType='Text', CommandTimeout='30']
      SELECT [v].[VendorId], [v].[IsActive], [v].[VendorCode], [v].[VendorCreatedOn], [v].[VendorEmail], [v].[VendorLongName], [v].[VendorPhoneNumber]
      FROM [Vendors] AS [v]
info: 20-09-2024 12:11:37.510 RelationalEventId.CommandExecuted[20101] (Microsoft.EntityFrameworkCore.Database.Command) 
      Executed DbCommand (25ms) [Parameters=[@p0='?' (DbType = Boolean), @p1='?' (Size = 4000), @p2='?' (DbType = DateTime2), @p3='?' (Size = 4000), @p4='?' (Size = 4000), @p5='?' (Size = 4000)], CommandType='Text', CommandTimeout='30']
      SET IMPLICIT_TRANSACTIONS OFF;
      SET NOCOUNT ON;
      INSERT INTO [Vendors] ([IsActive], [VendorCode], [VendorCreatedOn], [VendorEmail], [VendorLongName], [VendorPhoneNumber])
      OUTPUT INSERTED.[VendorId]
      VALUES (@p0, @p1, @p2, @p3, @p4, @p5);
fail: 20-09-2024 12:11:37.788 CoreEventId.SaveChangesFailed[10000] (Microsoft.EntityFrameworkCore.Update) 
      An exception occurred in the database while saving changes for context type 'vms.AppDbContext'.
      Microsoft.EntityFrameworkCore.DbUpdateException: An error occurred while saving the entity changes. See the inner exception for details.
       ---> Microsoft.Data.SqlClient.SqlException (0x80131904): Violation of UNIQUE KEY constraint 'UQ__Vendors__10C18F5C10CDF52F'. Cannot insert duplicate key in object 'dbo.Vendors'. The duplicate key value is (ACME001).
         at Microsoft.Data.SqlClient.SqlConnection.OnError(SqlException exception, Boolean breakConnection, Action`1 wrapCloseInAction)
         at Microsoft.Data.SqlClient.SqlInternalConnection.OnError(SqlException exception, Boolean breakConnection, Action`1 wrapCloseInAction)
         at Microsoft.Data.SqlClient.TdsParser.ThrowExceptionAndWarning(TdsParserStateObject stateObj, Boolean callerHasConnectionLock, Boolean asyncClose)
         at Microsoft.Data.SqlClient.TdsParser.TryRun(RunBehavior runBehavior, SqlCommand cmdHandler, SqlDataReader dataStream, BulkCopySimpleResultSet bulkCopyHandler, TdsParserStateObject stateObj, Boolean& dataReady)
         at Microsoft.Data.SqlClient.SqlDataReader.TryHasMoreRows(Boolean& moreRows)
         at Microsoft.Data.SqlClient.SqlDataReader.TryReadInternal(Boolean setTimeout, Boolean& more)
         at Microsoft.Data.SqlClient.SqlDataReader.ReadAsyncExecute(Task task, Object state)
         at Microsoft.Data.SqlClient.SqlDataReader.InvokeAsyncCall[T](SqlDataReaderBaseAsyncCallContext`1 context)
      --- End of stack trace from previous location ---
         at Microsoft.EntityFrameworkCore.Update.AffectedCountModificationCommandBatch.ConsumeResultSetAsync(Int32 startCommandIndex, RelationalDataReader reader, CancellationToken cancellationToken)
      ClientConnectionId:f5822c9d-f3a0-493b-b522-792252a90f2e
      Error Number:2627,State:1,Class:14
         --- End of inner exception stack trace ---
         at Microsoft.EntityFrameworkCore.Update.AffectedCountModificationCommandBatch.ConsumeResultSetAsync(Int32 startCommandIndex, RelationalDataReader reader, CancellationToken cancellationToken)
         at Microsoft.EntityFrameworkCore.Update.AffectedCountModificationCommandBatch.ConsumeAsync(RelationalDataReader reader, CancellationToken cancellationToken)
         at Microsoft.EntityFrameworkCore.Update.ReaderModificationCommandBatch.ExecuteAsync(IRelationalConnection connection, CancellationToken cancellationToken)
         at Microsoft.EntityFrameworkCore.Update.ReaderModificationCommandBatch.ExecuteAsync(IRelationalConnection connection, CancellationToken cancellationToken)
         at Microsoft.EntityFrameworkCore.SqlServer.Update.Internal.SqlServerModificationCommandBatch.ExecuteAsync(IRelationalConnection connection, CancellationToken cancellationToken)
         at Microsoft.EntityFrameworkCore.Update.Internal.BatchExecutor.ExecuteAsync(IEnumerable`1 commandBatches, IRelationalConnection connection, CancellationToken cancellationToken)
         at Microsoft.EntityFrameworkCore.Update.Internal.BatchExecutor.ExecuteAsync(IEnumerable`1 commandBatches, IRelationalConnection connection, CancellationToken cancellationToken)
         at Microsoft.EntityFrameworkCore.Update.Internal.BatchExecutor.ExecuteAsync(IEnumerable`1 commandBatches, IRelationalConnection connection, CancellationToken cancellationToken)
         at Microsoft.EntityFrameworkCore.ChangeTracking.Internal.StateManager.SaveChangesAsync(IList`1 entriesToSave, CancellationToken cancellationToken)
         at Microsoft.EntityFrameworkCore.ChangeTracking.Internal.StateManager.SaveChangesAsync(StateManager stateManager, Boolean acceptAllChangesOnSuccess, CancellationToken cancellationToken)
         at Microsoft.EntityFrameworkCore.SqlServer.Storage.Internal.SqlServerExecutionStrategy.ExecuteAsync[TState,TResult](TState state, Func`4 operation, Func`4 verifySucceeded, CancellationToken cancellationToken)
         at Microsoft.EntityFrameworkCore.DbContext.SaveChangesAsync(Boolean acceptAllChangesOnSuccess, CancellationToken cancellationToken)
info: 20-09-2024 12:12:04.080 RelationalEventId.CommandExecuted[20101] (Microsoft.EntityFrameworkCore.Database.Command) 
      Executed DbCommand (7ms) [Parameters=[@p0='?' (DbType = Boolean), @p1='?' (Size = 4000), @p2='?' (DbType = DateTime2), @p3='?' (Size = 4000), @p4='?' (Size = 4000), @p5='?' (Size = 4000)], CommandType='Text', CommandTimeout='30']
      SET IMPLICIT_TRANSACTIONS OFF;
      SET NOCOUNT ON;
      INSERT INTO [Vendors] ([IsActive], [VendorCode], [VendorCreatedOn], [VendorEmail], [VendorLongName], [VendorPhoneNumber])
      OUTPUT INSERTED.[VendorId]
      VALUES (@p0, @p1, @p2, @p3, @p4, @p5);
info: 20-09-2024 12:12:26.965 RelationalEventId.CommandExecuted[20101] (Microsoft.EntityFrameworkCore.Database.Command) 
      Executed DbCommand (2ms) [Parameters=[], CommandType='Text', CommandTimeout='30']
      SELECT [v].[VendorId], [v].[IsActive], [v].[VendorCode], [v].[VendorCreatedOn], [v].[VendorEmail], [v].[VendorLongName], [v].[VendorPhoneNumber]
      FROM [Vendors] AS [v]
info: 20-09-2024 12:12:40.691 RelationalEventId.CommandExecuted[20101] (Microsoft.EntityFrameworkCore.Database.Command) 
      Executed DbCommand (5ms) [Parameters=[@__p_0='?' (DbType = Int32)], CommandType='Text', CommandTimeout='30']
      SELECT TOP(1) [v].[VendorId], [v].[IsActive], [v].[VendorCode], [v].[VendorCreatedOn], [v].[VendorEmail], [v].[VendorLongName], [v].[VendorPhoneNumber]
      FROM [Vendors] AS [v]
      WHERE [v].[VendorId] = @__p_0
info: 20-09-2024 12:12:55.177 RelationalEventId.CommandExecuted[20101] (Microsoft.EntityFrameworkCore.Database.Command) 
      Executed DbCommand (4ms) [Parameters=[@__p_0='?' (DbType = Int32)], CommandType='Text', CommandTimeout='30']
      SELECT TOP(1) [v].[VendorId], [v].[IsActive], [v].[VendorCode], [v].[VendorCreatedOn], [v].[VendorEmail], [v].[VendorLongName], [v].[VendorPhoneNumber]
      FROM [Vendors] AS [v]
      WHERE [v].[VendorId] = @__p_0
info: 20-09-2024 12:13:30.304 RelationalEventId.CommandExecuted[20101] (Microsoft.EntityFrameworkCore.Database.Command) 
      Executed DbCommand (3ms) [Parameters=[], CommandType='Text', CommandTimeout='30']
      SELECT [v].[VendorId], [v].[IsActive], [v].[VendorCode], [v].[VendorCreatedOn], [v].[VendorEmail], [v].[VendorLongName], [v].[VendorPhoneNumber]
      FROM [Vendors] AS [v]
info: 20-09-2024 12:13:50.042 RelationalEventId.CommandExecuted[20101] (Microsoft.EntityFrameworkCore.Database.Command) 
      Executed DbCommand (9ms) [Parameters=[@p6='?' (DbType = Int32), @p0='?' (DbType = Boolean), @p1='?' (Size = 4000), @p2='?' (DbType = DateTime2), @p3='?' (Size = 4000), @p4='?' (Size = 4000), @p5='?' (Size = 4000)], CommandType='Text', CommandTimeout='30']
      SET IMPLICIT_TRANSACTIONS OFF;
      SET NOCOUNT ON;
      UPDATE [Vendors] SET [IsActive] = @p0, [VendorCode] = @p1, [VendorCreatedOn] = @p2, [VendorEmail] = @p3, [VendorLongName] = @p4, [VendorPhoneNumber] = @p5
      OUTPUT 1
      WHERE [VendorId] = @p6;
info: 20-09-2024 12:14:02.586 RelationalEventId.CommandExecuted[20101] (Microsoft.EntityFrameworkCore.Database.Command) 
      Executed DbCommand (4ms) [Parameters=[], CommandType='Text', CommandTimeout='30']
      SELECT [v].[VendorId], [v].[IsActive], [v].[VendorCode], [v].[VendorCreatedOn], [v].[VendorEmail], [v].[VendorLongName], [v].[VendorPhoneNumber]
      FROM [Vendors] AS [v]
fail: 20-09-2024 12:18:52.795 RelationalEventId.CommandError[20102] (Microsoft.EntityFrameworkCore.Database.Command) 
      Failed executing DbCommand (105ms) [Parameters=[], CommandType='Text', CommandTimeout='30']
      SELECT [i].[InvoiceId], [i].[InvoiceAmount], [i].[InvoiceCurrencyCode], [i].[InvoiceDueDate], [i].[InvoiceNumber], [i].[InvoiceReceivedDate], [i].[IsActive], [i].[VendorCode]
      FROM [Invoices] AS [i]
fail: 20-09-2024 12:18:52.875 CoreEventId.QueryIterationFailed[10100] (Microsoft.EntityFrameworkCore.Query) 
      An exception occurred while iterating over the results of a query for context type 'vms.AppDbContext'.
      Microsoft.Data.SqlClient.SqlException (0x80131904): Invalid column name 'InvoiceCurrencyCode'.
      Invalid column name 'VendorCode'.
         at Microsoft.Data.SqlClient.SqlCommand.<>c.<ExecuteDbDataReaderAsync>b__211_0(Task`1 result)
         at System.Threading.Tasks.ContinuationResultTaskFromResultTask`2.InnerInvoke()
         at System.Threading.ExecutionContext.RunInternal(ExecutionContext executionContext, ContextCallback callback, Object state)
      --- End of stack trace from previous location ---
         at System.Threading.ExecutionContext.RunInternal(ExecutionContext executionContext, ContextCallback callback, Object state)
         at System.Threading.Tasks.Task.ExecuteWithThreadLocal(Task& currentTaskSlot, Thread threadPoolThread)
      --- End of stack trace from previous location ---
         at Microsoft.EntityFrameworkCore.Storage.RelationalCommand.ExecuteReaderAsync(RelationalCommandParameterObject parameterObject, CancellationToken cancellationToken)
         at Microsoft.EntityFrameworkCore.Storage.RelationalCommand.ExecuteReaderAsync(RelationalCommandParameterObject parameterObject, CancellationToken cancellationToken)
         at Microsoft.EntityFrameworkCore.Query.Internal.SingleQueryingEnumerable`1.AsyncEnumerator.InitializeReaderAsync(AsyncEnumerator enumerator, CancellationToken cancellationToken)
         at Microsoft.EntityFrameworkCore.SqlServer.Storage.Internal.SqlServerExecutionStrategy.ExecuteAsync[TState,TResult](TState state, Func`4 operation, Func`4 verifySucceeded, CancellationToken cancellationToken)
         at Microsoft.EntityFrameworkCore.Query.Internal.SingleQueryingEnumerable`1.AsyncEnumerator.MoveNextAsync()
      ClientConnectionId:9bad362a-709f-418a-9ae6-13f4eaf2e75b
      Error Number:207,State:1,Class:16
info: 20-09-2024 12:21:20.317 RelationalEventId.CommandExecuted[20101] (Microsoft.EntityFrameworkCore.Database.Command) 
      Executed DbCommand (25ms) [Parameters=[], CommandType='Text', CommandTimeout='30']
      SELECT [i].[InvoiceId], [i].[InvoiceAmount], [i].[InvoiceCurrencyId], [i].[InvoiceDueDate], [i].[InvoiceNumber], [i].[InvoiceReceivedDate], [i].[IsActive], [i].[VendorId]
      FROM [Invoices] AS [i]
fail: 20-09-2024 12:21:20.388 CoreEventId.QueryIterationFailed[10100] (Microsoft.EntityFrameworkCore.Query) 
      An exception occurred while iterating over the results of a query for context type 'vms.AppDbContext'.
      System.InvalidCastException: Unable to cast object of type 'System.Decimal' to type 'System.Int32'.
         at Microsoft.Data.SqlClient.SqlBuffer.get_Int32()
         at Microsoft.Data.SqlClient.SqlDataReader.GetInt32(Int32 i)
         at lambda_method13(Closure, QueryContext, DbDataReader, ResultContext, SingleQueryResultCoordinator)
         at Microsoft.EntityFrameworkCore.Query.Internal.SingleQueryingEnumerable`1.AsyncEnumerator.MoveNextAsync()
info: 20-09-2024 12:22:07.360 RelationalEventId.CommandExecuted[20101] (Microsoft.EntityFrameworkCore.Database.Command) 
      Executed DbCommand (29ms) [Parameters=[], CommandType='Text', CommandTimeout='30']
      SELECT [i].[InvoiceId], [i].[InvoiceAmount], [i].[InvoiceCurrencyId], [i].[InvoiceDueDate], [i].[InvoiceNumber], [i].[InvoiceReceivedDate], [i].[IsActive], [i].[VendorId]
      FROM [Invoices] AS [i]
fail: 20-09-2024 12:22:07.439 CoreEventId.QueryIterationFailed[10100] (Microsoft.EntityFrameworkCore.Query) 
      An exception occurred while iterating over the results of a query for context type 'vms.AppDbContext'.
      System.InvalidCastException: Unable to cast object of type 'System.Decimal' to type 'System.Double'.
         at Microsoft.Data.SqlClient.SqlBuffer.get_Double()
         at Microsoft.Data.SqlClient.SqlDataReader.GetDouble(Int32 i)
         at lambda_method13(Closure, QueryContext, DbDataReader, ResultContext, SingleQueryResultCoordinator)
         at Microsoft.EntityFrameworkCore.Query.Internal.SingleQueryingEnumerable`1.AsyncEnumerator.MoveNextAsync()
warn: 20-09-2024 12:22:35.017 SqlServerEventId.DecimalTypeDefaultWarning[30000] (Microsoft.EntityFrameworkCore.Model.Validation) 
      No store type was specified for the decimal property 'InvoiceAmount' on entity type 'invoice'. This will cause values to be silently truncated if they do not fit in the default precision and scale. Explicitly specify the SQL server column type that can accommodate all the values in 'OnModelCreating' using 'HasColumnType', specify precision and scale using 'HasPrecision', or configure a value converter using 'HasConversion'.
info: 20-09-2024 12:22:35.438 RelationalEventId.CommandExecuted[20101] (Microsoft.EntityFrameworkCore.Database.Command) 
      Executed DbCommand (20ms) [Parameters=[], CommandType='Text', CommandTimeout='30']
      SELECT [i].[InvoiceId], [i].[InvoiceAmount], [i].[InvoiceCurrencyId], [i].[InvoiceDueDate], [i].[InvoiceNumber], [i].[InvoiceReceivedDate], [i].[IsActive], [i].[VendorId]
      FROM [Invoices] AS [i]
fail: 20-09-2024 12:22:35.493 CoreEventId.QueryIterationFailed[10100] (Microsoft.EntityFrameworkCore.Query) 
      An exception occurred while iterating over the results of a query for context type 'vms.AppDbContext'.
      System.InvalidCastException: Unable to cast object of type 'System.Int32' to type 'System.String'.
         at Microsoft.Data.SqlClient.SqlBuffer.get_String()
         at Microsoft.Data.SqlClient.SqlDataReader.GetString(Int32 i)
         at lambda_method13(Closure, QueryContext, DbDataReader, ResultContext, SingleQueryResultCoordinator)
         at Microsoft.EntityFrameworkCore.Query.Internal.SingleQueryingEnumerable`1.AsyncEnumerator.MoveNextAsync()
warn: 20-09-2024 12:23:43.675 SqlServerEventId.DecimalTypeDefaultWarning[30000] (Microsoft.EntityFrameworkCore.Model.Validation) 
      No store type was specified for the decimal property 'InvoiceAmount' on entity type 'invoice'. This will cause values to be silently truncated if they do not fit in the default precision and scale. Explicitly specify the SQL server column type that can accommodate all the values in 'OnModelCreating' using 'HasColumnType', specify precision and scale using 'HasPrecision', or configure a value converter using 'HasConversion'.
info: 20-09-2024 12:23:44.121 RelationalEventId.CommandExecuted[20101] (Microsoft.EntityFrameworkCore.Database.Command) 
      Executed DbCommand (23ms) [Parameters=[], CommandType='Text', CommandTimeout='30']
      SELECT [i].[InvoiceId], [i].[InvoiceAmount], [i].[InvoiceCurrencyId], [i].[InvoiceDueDate], [i].[InvoiceNumber], [i].[InvoiceReceivedDate], [i].[IsActive], [i].[VendorId]
      FROM [Invoices] AS [i]
fail: 20-09-2024 12:23:44.177 CoreEventId.QueryIterationFailed[10100] (Microsoft.EntityFrameworkCore.Query) 
      An exception occurred while iterating over the results of a query for context type 'vms.AppDbContext'.
      System.InvalidCastException: Unable to cast object of type 'System.Int64' to type 'System.Int32'.
         at Microsoft.Data.SqlClient.SqlBuffer.get_Int32()
         at Microsoft.Data.SqlClient.SqlDataReader.GetInt32(Int32 i)
         at lambda_method13(Closure, QueryContext, DbDataReader, ResultContext, SingleQueryResultCoordinator)
         at Microsoft.EntityFrameworkCore.Query.Internal.SingleQueryingEnumerable`1.AsyncEnumerator.MoveNextAsync()
warn: 20-09-2024 12:25:18.779 SqlServerEventId.DecimalTypeDefaultWarning[30000] (Microsoft.EntityFrameworkCore.Model.Validation) 
      No store type was specified for the decimal property 'InvoiceAmount' on entity type 'invoice'. This will cause values to be silently truncated if they do not fit in the default precision and scale. Explicitly specify the SQL server column type that can accommodate all the values in 'OnModelCreating' using 'HasColumnType', specify precision and scale using 'HasPrecision', or configure a value converter using 'HasConversion'.
info: 20-09-2024 12:25:19.226 RelationalEventId.CommandExecuted[20101] (Microsoft.EntityFrameworkCore.Database.Command) 
      Executed DbCommand (30ms) [Parameters=[], CommandType='Text', CommandTimeout='30']
      SELECT [i].[InvoiceId], [i].[InvoiceAmount], [i].[InvoiceCurrencyId], [i].[InvoiceDueDate], [i].[InvoiceNumber], [i].[InvoiceReceivedDate], [i].[IsActive], [i].[VendorId]
      FROM [Invoices] AS [i]
fail: 20-09-2024 12:25:19.302 CoreEventId.QueryIterationFailed[10100] (Microsoft.EntityFrameworkCore.Query) 
      An exception occurred while iterating over the results of a query for context type 'vms.AppDbContext'.
      System.InvalidCastException: Unable to cast object of type 'System.Int64' to type 'System.Int32'.
         at Microsoft.Data.SqlClient.SqlBuffer.get_Int32()
         at Microsoft.Data.SqlClient.SqlDataReader.GetInt32(Int32 i)
         at lambda_method13(Closure, QueryContext, DbDataReader, ResultContext, SingleQueryResultCoordinator)
         at Microsoft.EntityFrameworkCore.Query.Internal.SingleQueryingEnumerable`1.AsyncEnumerator.MoveNextAsync()
warn: 20-09-2024 12:25:54.379 SqlServerEventId.DecimalTypeDefaultWarning[30000] (Microsoft.EntityFrameworkCore.Model.Validation) 
      No store type was specified for the decimal property 'InvoiceAmount' on entity type 'invoice'. This will cause values to be silently truncated if they do not fit in the default precision and scale. Explicitly specify the SQL server column type that can accommodate all the values in 'OnModelCreating' using 'HasColumnType', specify precision and scale using 'HasPrecision', or configure a value converter using 'HasConversion'.
info: 20-09-2024 12:25:54.844 RelationalEventId.CommandExecuted[20101] (Microsoft.EntityFrameworkCore.Database.Command) 
      Executed DbCommand (19ms) [Parameters=[], CommandType='Text', CommandTimeout='30']
      SELECT [i].[InvoiceId], [i].[InvoiceAmount], [i].[InvoiceCurrencyId], [i].[InvoiceDueDate], [i].[InvoiceNumber], [i].[InvoiceReceivedDate], [i].[IsActive], [i].[VendorId]
      FROM [Invoices] AS [i]
fail: 20-09-2024 12:25:54.888 CoreEventId.QueryIterationFailed[10100] (Microsoft.EntityFrameworkCore.Query) 
      An exception occurred while iterating over the results of a query for context type 'vms.AppDbContext'.
      System.InvalidCastException: Unable to cast object of type 'System.Int32' to type 'System.Int64'.
         at Microsoft.Data.SqlClient.SqlBuffer.get_Int64()
         at Microsoft.Data.SqlClient.SqlDataReader.GetInt64(Int32 i)
         at lambda_method13(Closure, QueryContext, DbDataReader, ResultContext, SingleQueryResultCoordinator)
         at Microsoft.EntityFrameworkCore.Query.Internal.SingleQueryingEnumerable`1.AsyncEnumerator.MoveNextAsync()
warn: 20-09-2024 12:27:52.369 SqlServerEventId.DecimalTypeDefaultWarning[30000] (Microsoft.EntityFrameworkCore.Model.Validation) 
      No store type was specified for the decimal property 'InvoiceAmount' on entity type 'invoice'. This will cause values to be silently truncated if they do not fit in the default precision and scale. Explicitly specify the SQL server column type that can accommodate all the values in 'OnModelCreating' using 'HasColumnType', specify precision and scale using 'HasPrecision', or configure a value converter using 'HasConversion'.
info: 20-09-2024 12:27:52.905 RelationalEventId.CommandExecuted[20101] (Microsoft.EntityFrameworkCore.Database.Command) 
      Executed DbCommand (31ms) [Parameters=[], CommandType='Text', CommandTimeout='30']
      SELECT [i].[InvoiceId], [i].[InvoiceAmount], [i].[InvoiceCurrencyId], [i].[InvoiceDueDate], [i].[InvoiceNumber], [i].[InvoiceReceivedDate], [i].[IsActive], [i].[VendorId]
      FROM [Invoices] AS [i]
fail: 20-09-2024 12:28:39.094 RelationalEventId.CommandError[20102] (Microsoft.EntityFrameworkCore.Database.Command) 
      Failed executing DbCommand (101ms) [Parameters=[@p0='?' (DbType = Int32), @p1='?' (Precision = 18) (Scale = 2) (DbType = Decimal), @p2='?' (DbType = Int32), @p3='?' (DbType = DateTime2), @p4='?' (DbType = Int64), @p5='?' (DbType = DateTime2), @p6='?' (DbType = Boolean), @p7='?' (DbType = Int32)], CommandType='Text', CommandTimeout='30']
      SET IMPLICIT_TRANSACTIONS OFF;
      SET NOCOUNT ON;
      INSERT INTO [Invoices] ([InvoiceId], [InvoiceAmount], [InvoiceCurrencyId], [InvoiceDueDate], [InvoiceNumber], [InvoiceReceivedDate], [IsActive], [VendorId])
      VALUES (@p0, @p1, @p2, @p3, @p4, @p5, @p6, @p7);
fail: 20-09-2024 12:28:39.324 CoreEventId.SaveChangesFailed[10000] (Microsoft.EntityFrameworkCore.Update) 
      An exception occurred in the database while saving changes for context type 'vms.AppDbContext'.
      Microsoft.EntityFrameworkCore.DbUpdateException: An error occurred while saving the entity changes. See the inner exception for details.
       ---> Microsoft.Data.SqlClient.SqlException (0x80131904): Cannot insert explicit value for identity column in table 'Invoices' when IDENTITY_INSERT is set to OFF.
         at Microsoft.Data.SqlClient.SqlCommand.<>c.<ExecuteDbDataReaderAsync>b__211_0(Task`1 result)
         at System.Threading.Tasks.ContinuationResultTaskFromResultTask`2.InnerInvoke()
         at System.Threading.ExecutionContext.RunInternal(ExecutionContext executionContext, ContextCallback callback, Object state)
      --- End of stack trace from previous location ---
         at System.Threading.ExecutionContext.RunInternal(ExecutionContext executionContext, ContextCallback callback, Object state)
         at System.Threading.Tasks.Task.ExecuteWithThreadLocal(Task& currentTaskSlot, Thread threadPoolThread)
      --- End of stack trace from previous location ---
         at Microsoft.EntityFrameworkCore.Storage.RelationalCommand.ExecuteReaderAsync(RelationalCommandParameterObject parameterObject, CancellationToken cancellationToken)
         at Microsoft.EntityFrameworkCore.Storage.RelationalCommand.ExecuteReaderAsync(RelationalCommandParameterObject parameterObject, CancellationToken cancellationToken)
         at Microsoft.EntityFrameworkCore.Update.ReaderModificationCommandBatch.ExecuteAsync(IRelationalConnection connection, CancellationToken cancellationToken)
      ClientConnectionId:5813a557-2f71-4c49-8f08-20b00d34f712
      Error Number:544,State:1,Class:16
         --- End of inner exception stack trace ---
         at Microsoft.EntityFrameworkCore.Update.ReaderModificationCommandBatch.ExecuteAsync(IRelationalConnection connection, CancellationToken cancellationToken)
         at Microsoft.EntityFrameworkCore.SqlServer.Update.Internal.SqlServerModificationCommandBatch.ExecuteAsync(IRelationalConnection connection, CancellationToken cancellationToken)
         at Microsoft.EntityFrameworkCore.Update.Internal.BatchExecutor.ExecuteAsync(IEnumerable`1 commandBatches, IRelationalConnection connection, CancellationToken cancellationToken)
         at Microsoft.EntityFrameworkCore.Update.Internal.BatchExecutor.ExecuteAsync(IEnumerable`1 commandBatches, IRelationalConnection connection, CancellationToken cancellationToken)
         at Microsoft.EntityFrameworkCore.Update.Internal.BatchExecutor.ExecuteAsync(IEnumerable`1 commandBatches, IRelationalConnection connection, CancellationToken cancellationToken)
         at Microsoft.EntityFrameworkCore.ChangeTracking.Internal.StateManager.SaveChangesAsync(IList`1 entriesToSave, CancellationToken cancellationToken)
         at Microsoft.EntityFrameworkCore.ChangeTracking.Internal.StateManager.SaveChangesAsync(StateManager stateManager, Boolean acceptAllChangesOnSuccess, CancellationToken cancellationToken)
         at Microsoft.EntityFrameworkCore.SqlServer.Storage.Internal.SqlServerExecutionStrategy.ExecuteAsync[TState,TResult](TState state, Func`4 operation, Func`4 verifySucceeded, CancellationToken cancellationToken)
         at Microsoft.EntityFrameworkCore.DbContext.SaveChangesAsync(Boolean acceptAllChangesOnSuccess, CancellationToken cancellationToken)
info: 20-09-2024 12:29:01.368 RelationalEventId.CommandExecuted[20101] (Microsoft.EntityFrameworkCore.Database.Command) 
      Executed DbCommand (6ms) [Parameters=[@p0='?' (Precision = 18) (Scale = 2) (DbType = Decimal), @p1='?' (DbType = Int32), @p2='?' (DbType = DateTime2), @p3='?' (DbType = Int64), @p4='?' (DbType = DateTime2), @p5='?' (DbType = Boolean), @p6='?' (DbType = Int32)], CommandType='Text', CommandTimeout='30']
      SET IMPLICIT_TRANSACTIONS OFF;
      SET NOCOUNT ON;
      INSERT INTO [Invoices] ([InvoiceAmount], [InvoiceCurrencyId], [InvoiceDueDate], [InvoiceNumber], [InvoiceReceivedDate], [IsActive], [VendorId])
      OUTPUT INSERTED.[InvoiceId]
      VALUES (@p0, @p1, @p2, @p3, @p4, @p5, @p6);
fail: 20-09-2024 12:29:01.632 CoreEventId.SaveChangesFailed[10000] (Microsoft.EntityFrameworkCore.Update) 
      An exception occurred in the database while saving changes for context type 'vms.AppDbContext'.
      Microsoft.EntityFrameworkCore.DbUpdateException: An error occurred while saving the entity changes. See the inner exception for details.
       ---> Microsoft.Data.SqlClient.SqlException (0x80131904): The INSERT statement conflicted with the CHECK constraint "CK__Invoices__74AE54BC". The conflict occurred in database "VendorManagementDB", table "dbo.Invoices".
         at Microsoft.Data.SqlClient.SqlConnection.OnError(SqlException exception, Boolean breakConnection, Action`1 wrapCloseInAction)
         at Microsoft.Data.SqlClient.SqlInternalConnection.OnError(SqlException exception, Boolean breakConnection, Action`1 wrapCloseInAction)
         at Microsoft.Data.SqlClient.TdsParser.ThrowExceptionAndWarning(TdsParserStateObject stateObj, Boolean callerHasConnectionLock, Boolean asyncClose)
         at Microsoft.Data.SqlClient.TdsParser.TryRun(RunBehavior runBehavior, SqlCommand cmdHandler, SqlDataReader dataStream, BulkCopySimpleResultSet bulkCopyHandler, TdsParserStateObject stateObj, Boolean& dataReady)
         at Microsoft.Data.SqlClient.SqlDataReader.TryHasMoreRows(Boolean& moreRows)
         at Microsoft.Data.SqlClient.SqlDataReader.TryReadInternal(Boolean setTimeout, Boolean& more)
         at Microsoft.Data.SqlClient.SqlDataReader.ReadAsyncExecute(Task task, Object state)
         at Microsoft.Data.SqlClient.SqlDataReader.InvokeAsyncCall[T](SqlDataReaderBaseAsyncCallContext`1 context)
      --- End of stack trace from previous location ---
         at Microsoft.EntityFrameworkCore.Update.AffectedCountModificationCommandBatch.ConsumeResultSetAsync(Int32 startCommandIndex, RelationalDataReader reader, CancellationToken cancellationToken)
      ClientConnectionId:5813a557-2f71-4c49-8f08-20b00d34f712
      Error Number:547,State:0,Class:16
         --- End of inner exception stack trace ---
         at Microsoft.EntityFrameworkCore.Update.AffectedCountModificationCommandBatch.ConsumeResultSetAsync(Int32 startCommandIndex, RelationalDataReader reader, CancellationToken cancellationToken)
         at Microsoft.EntityFrameworkCore.Update.AffectedCountModificationCommandBatch.ConsumeAsync(RelationalDataReader reader, CancellationToken cancellationToken)
         at Microsoft.EntityFrameworkCore.Update.ReaderModificationCommandBatch.ExecuteAsync(IRelationalConnection connection, CancellationToken cancellationToken)
         at Microsoft.EntityFrameworkCore.Update.ReaderModificationCommandBatch.ExecuteAsync(IRelationalConnection connection, CancellationToken cancellationToken)
         at Microsoft.EntityFrameworkCore.SqlServer.Update.Internal.SqlServerModificationCommandBatch.ExecuteAsync(IRelationalConnection connection, CancellationToken cancellationToken)
         at Microsoft.EntityFrameworkCore.Update.Internal.BatchExecutor.ExecuteAsync(IEnumerable`1 commandBatches, IRelationalConnection connection, CancellationToken cancellationToken)
         at Microsoft.EntityFrameworkCore.Update.Internal.BatchExecutor.ExecuteAsync(IEnumerable`1 commandBatches, IRelationalConnection connection, CancellationToken cancellationToken)
         at Microsoft.EntityFrameworkCore.Update.Internal.BatchExecutor.ExecuteAsync(IEnumerable`1 commandBatches, IRelationalConnection connection, CancellationToken cancellationToken)
         at Microsoft.EntityFrameworkCore.ChangeTracking.Internal.StateManager.SaveChangesAsync(IList`1 entriesToSave, CancellationToken cancellationToken)
         at Microsoft.EntityFrameworkCore.ChangeTracking.Internal.StateManager.SaveChangesAsync(StateManager stateManager, Boolean acceptAllChangesOnSuccess, CancellationToken cancellationToken)
         at Microsoft.EntityFrameworkCore.SqlServer.Storage.Internal.SqlServerExecutionStrategy.ExecuteAsync[TState,TResult](TState state, Func`4 operation, Func`4 verifySucceeded, CancellationToken cancellationToken)
         at Microsoft.EntityFrameworkCore.DbContext.SaveChangesAsync(Boolean acceptAllChangesOnSuccess, CancellationToken cancellationToken)
fail: 20-09-2024 12:31:26.396 RelationalEventId.CommandError[20102] (Microsoft.EntityFrameworkCore.Database.Command) 
      Failed executing DbCommand (76ms) [Parameters=[@p0='?' (DbType = Int32), @p1='?' (Precision = 18) (Scale = 2) (DbType = Decimal), @p2='?' (DbType = Int32), @p3='?' (DbType = DateTime2), @p4='?' (DbType = Int64), @p5='?' (DbType = DateTime2), @p6='?' (DbType = Boolean), @p7='?' (DbType = Int32)], CommandType='Text', CommandTimeout='30']
      SET IMPLICIT_TRANSACTIONS OFF;
      SET NOCOUNT ON;
      INSERT INTO [Invoices] ([InvoiceId], [InvoiceAmount], [InvoiceCurrencyId], [InvoiceDueDate], [InvoiceNumber], [InvoiceReceivedDate], [IsActive], [VendorId])
      VALUES (@p0, @p1, @p2, @p3, @p4, @p5, @p6, @p7);
fail: 20-09-2024 12:31:26.571 CoreEventId.SaveChangesFailed[10000] (Microsoft.EntityFrameworkCore.Update) 
      An exception occurred in the database while saving changes for context type 'vms.AppDbContext'.
      Microsoft.EntityFrameworkCore.DbUpdateException: An error occurred while saving the entity changes. See the inner exception for details.
       ---> Microsoft.Data.SqlClient.SqlException (0x80131904): Cannot insert explicit value for identity column in table 'Invoices' when IDENTITY_INSERT is set to OFF.
         at Microsoft.Data.SqlClient.SqlCommand.<>c.<ExecuteDbDataReaderAsync>b__211_0(Task`1 result)
         at System.Threading.Tasks.ContinuationResultTaskFromResultTask`2.InnerInvoke()
         at System.Threading.ExecutionContext.RunInternal(ExecutionContext executionContext, ContextCallback callback, Object state)
      --- End of stack trace from previous location ---
         at System.Threading.ExecutionContext.RunInternal(ExecutionContext executionContext, ContextCallback callback, Object state)
         at System.Threading.Tasks.Task.ExecuteWithThreadLocal(Task& currentTaskSlot, Thread threadPoolThread)
      --- End of stack trace from previous location ---
         at Microsoft.EntityFrameworkCore.Storage.RelationalCommand.ExecuteReaderAsync(RelationalCommandParameterObject parameterObject, CancellationToken cancellationToken)
         at Microsoft.EntityFrameworkCore.Storage.RelationalCommand.ExecuteReaderAsync(RelationalCommandParameterObject parameterObject, CancellationToken cancellationToken)
         at Microsoft.EntityFrameworkCore.Update.ReaderModificationCommandBatch.ExecuteAsync(IRelationalConnection connection, CancellationToken cancellationToken)
      ClientConnectionId:5813a557-2f71-4c49-8f08-20b00d34f712
      Error Number:544,State:1,Class:16
         --- End of inner exception stack trace ---
         at Microsoft.EntityFrameworkCore.Update.ReaderModificationCommandBatch.ExecuteAsync(IRelationalConnection connection, CancellationToken cancellationToken)
         at Microsoft.EntityFrameworkCore.SqlServer.Update.Internal.SqlServerModificationCommandBatch.ExecuteAsync(IRelationalConnection connection, CancellationToken cancellationToken)
         at Microsoft.EntityFrameworkCore.Update.Internal.BatchExecutor.ExecuteAsync(IEnumerable`1 commandBatches, IRelationalConnection connection, CancellationToken cancellationToken)
         at Microsoft.EntityFrameworkCore.Update.Internal.BatchExecutor.ExecuteAsync(IEnumerable`1 commandBatches, IRelationalConnection connection, CancellationToken cancellationToken)
         at Microsoft.EntityFrameworkCore.Update.Internal.BatchExecutor.ExecuteAsync(IEnumerable`1 commandBatches, IRelationalConnection connection, CancellationToken cancellationToken)
         at Microsoft.EntityFrameworkCore.ChangeTracking.Internal.StateManager.SaveChangesAsync(IList`1 entriesToSave, CancellationToken cancellationToken)
         at Microsoft.EntityFrameworkCore.ChangeTracking.Internal.StateManager.SaveChangesAsync(StateManager stateManager, Boolean acceptAllChangesOnSuccess, CancellationToken cancellationToken)
         at Microsoft.EntityFrameworkCore.SqlServer.Storage.Internal.SqlServerExecutionStrategy.ExecuteAsync[TState,TResult](TState state, Func`4 operation, Func`4 verifySucceeded, CancellationToken cancellationToken)
         at Microsoft.EntityFrameworkCore.DbContext.SaveChangesAsync(Boolean acceptAllChangesOnSuccess, CancellationToken cancellationToken)
warn: 20-09-2024 12:34:19.324 SqlServerEventId.DecimalTypeDefaultWarning[30000] (Microsoft.EntityFrameworkCore.Model.Validation) 
      No store type was specified for the decimal property 'InvoiceAmount' on entity type 'invoice'. This will cause values to be silently truncated if they do not fit in the default precision and scale. Explicitly specify the SQL server column type that can accommodate all the values in 'OnModelCreating' using 'HasColumnType', specify precision and scale using 'HasPrecision', or configure a value converter using 'HasConversion'.
info: 20-09-2024 12:34:19.762 RelationalEventId.CommandExecuted[20101] (Microsoft.EntityFrameworkCore.Database.Command) 
      Executed DbCommand (43ms) [Parameters=[@p0='?' (Precision = 18) (Scale = 2) (DbType = Decimal), @p1='?' (DbType = Int32), @p2='?' (DbType = DateTime2), @p3='?' (DbType = Int64), @p4='?' (DbType = DateTime2), @p5='?' (DbType = Boolean), @p6='?' (DbType = Int32)], CommandType='Text', CommandTimeout='30']
      SET IMPLICIT_TRANSACTIONS OFF;
      SET NOCOUNT ON;
      INSERT INTO [Invoices] ([InvoiceAmount], [InvoiceCurrencyId], [InvoiceDueDate], [InvoiceNumber], [InvoiceReceivedDate], [IsActive], [VendorId])
      OUTPUT INSERTED.[InvoiceId]
      VALUES (@p0, @p1, @p2, @p3, @p4, @p5, @p6);
fail: 20-09-2024 12:34:20.066 CoreEventId.SaveChangesFailed[10000] (Microsoft.EntityFrameworkCore.Update) 
      An exception occurred in the database while saving changes for context type 'vms.AppDbContext'.
      Microsoft.EntityFrameworkCore.DbUpdateException: An error occurred while saving the entity changes. See the inner exception for details.
       ---> Microsoft.Data.SqlClient.SqlException (0x80131904): The INSERT statement conflicted with the CHECK constraint "CK__Invoices__74AE54BC". The conflict occurred in database "VendorManagementDB", table "dbo.Invoices".
         at Microsoft.Data.SqlClient.SqlConnection.OnError(SqlException exception, Boolean breakConnection, Action`1 wrapCloseInAction)
         at Microsoft.Data.SqlClient.SqlInternalConnection.OnError(SqlException exception, Boolean breakConnection, Action`1 wrapCloseInAction)
         at Microsoft.Data.SqlClient.TdsParser.ThrowExceptionAndWarning(TdsParserStateObject stateObj, Boolean callerHasConnectionLock, Boolean asyncClose)
         at Microsoft.Data.SqlClient.TdsParser.TryRun(RunBehavior runBehavior, SqlCommand cmdHandler, SqlDataReader dataStream, BulkCopySimpleResultSet bulkCopyHandler, TdsParserStateObject stateObj, Boolean& dataReady)
         at Microsoft.Data.SqlClient.SqlDataReader.TryHasMoreRows(Boolean& moreRows)
         at Microsoft.Data.SqlClient.SqlDataReader.TryReadInternal(Boolean setTimeout, Boolean& more)
         at Microsoft.Data.SqlClient.SqlDataReader.ReadAsyncExecute(Task task, Object state)
         at Microsoft.Data.SqlClient.SqlDataReader.InvokeAsyncCall[T](SqlDataReaderBaseAsyncCallContext`1 context)
      --- End of stack trace from previous location ---
         at Microsoft.EntityFrameworkCore.Update.AffectedCountModificationCommandBatch.ConsumeResultSetAsync(Int32 startCommandIndex, RelationalDataReader reader, CancellationToken cancellationToken)
      ClientConnectionId:27a6cd61-a158-43af-a835-6b4a1e42c332
      Error Number:547,State:0,Class:16
         --- End of inner exception stack trace ---
         at Microsoft.EntityFrameworkCore.Update.AffectedCountModificationCommandBatch.ConsumeResultSetAsync(Int32 startCommandIndex, RelationalDataReader reader, CancellationToken cancellationToken)
         at Microsoft.EntityFrameworkCore.Update.AffectedCountModificationCommandBatch.ConsumeAsync(RelationalDataReader reader, CancellationToken cancellationToken)
         at Microsoft.EntityFrameworkCore.Update.ReaderModificationCommandBatch.ExecuteAsync(IRelationalConnection connection, CancellationToken cancellationToken)
         at Microsoft.EntityFrameworkCore.Update.ReaderModificationCommandBatch.ExecuteAsync(IRelationalConnection connection, CancellationToken cancellationToken)
         at Microsoft.EntityFrameworkCore.SqlServer.Update.Internal.SqlServerModificationCommandBatch.ExecuteAsync(IRelationalConnection connection, CancellationToken cancellationToken)
         at Microsoft.EntityFrameworkCore.Update.Internal.BatchExecutor.ExecuteAsync(IEnumerable`1 commandBatches, IRelationalConnection connection, CancellationToken cancellationToken)
         at Microsoft.EntityFrameworkCore.Update.Internal.BatchExecutor.ExecuteAsync(IEnumerable`1 commandBatches, IRelationalConnection connection, CancellationToken cancellationToken)
         at Microsoft.EntityFrameworkCore.Update.Internal.BatchExecutor.ExecuteAsync(IEnumerable`1 commandBatches, IRelationalConnection connection, CancellationToken cancellationToken)
         at Microsoft.EntityFrameworkCore.ChangeTracking.Internal.StateManager.SaveChangesAsync(IList`1 entriesToSave, CancellationToken cancellationToken)
         at Microsoft.EntityFrameworkCore.ChangeTracking.Internal.StateManager.SaveChangesAsync(StateManager stateManager, Boolean acceptAllChangesOnSuccess, CancellationToken cancellationToken)
         at Microsoft.EntityFrameworkCore.SqlServer.Storage.Internal.SqlServerExecutionStrategy.ExecuteAsync[TState,TResult](TState state, Func`4 operation, Func`4 verifySucceeded, CancellationToken cancellationToken)
         at Microsoft.EntityFrameworkCore.DbContext.SaveChangesAsync(Boolean acceptAllChangesOnSuccess, CancellationToken cancellationToken)
info: 20-09-2024 12:34:58.434 RelationalEventId.CommandExecuted[20101] (Microsoft.EntityFrameworkCore.Database.Command) 
      Executed DbCommand (10ms) [Parameters=[], CommandType='Text', CommandTimeout='30']
      SELECT [v].[VendorId], [v].[IsActive], [v].[VendorCode], [v].[VendorCreatedOn], [v].[VendorEmail], [v].[VendorLongName], [v].[VendorPhoneNumber]
      FROM [Vendors] AS [v]
info: 20-09-2024 12:35:31.897 RelationalEventId.CommandExecuted[20101] (Microsoft.EntityFrameworkCore.Database.Command) 
      Executed DbCommand (5ms) [Parameters=[@p0='?' (Precision = 18) (Scale = 2) (DbType = Decimal), @p1='?' (DbType = Int32), @p2='?' (DbType = DateTime2), @p3='?' (DbType = Int64), @p4='?' (DbType = DateTime2), @p5='?' (DbType = Boolean), @p6='?' (DbType = Int32)], CommandType='Text', CommandTimeout='30']
      SET IMPLICIT_TRANSACTIONS OFF;
      SET NOCOUNT ON;
      INSERT INTO [Invoices] ([InvoiceAmount], [InvoiceCurrencyId], [InvoiceDueDate], [InvoiceNumber], [InvoiceReceivedDate], [IsActive], [VendorId])
      OUTPUT INSERTED.[InvoiceId]
      VALUES (@p0, @p1, @p2, @p3, @p4, @p5, @p6);
fail: 20-09-2024 12:35:32.166 CoreEventId.SaveChangesFailed[10000] (Microsoft.EntityFrameworkCore.Update) 
      An exception occurred in the database while saving changes for context type 'vms.AppDbContext'.
      Microsoft.EntityFrameworkCore.DbUpdateException: An error occurred while saving the entity changes. See the inner exception for details.
       ---> Microsoft.Data.SqlClient.SqlException (0x80131904): The INSERT statement conflicted with the CHECK constraint "CK__Invoices__74AE54BC". The conflict occurred in database "VendorManagementDB", table "dbo.Invoices".
         at Microsoft.Data.SqlClient.SqlConnection.OnError(SqlException exception, Boolean breakConnection, Action`1 wrapCloseInAction)
         at Microsoft.Data.SqlClient.SqlInternalConnection.OnError(SqlException exception, Boolean breakConnection, Action`1 wrapCloseInAction)
         at Microsoft.Data.SqlClient.TdsParser.ThrowExceptionAndWarning(TdsParserStateObject stateObj, Boolean callerHasConnectionLock, Boolean asyncClose)
         at Microsoft.Data.SqlClient.TdsParser.TryRun(RunBehavior runBehavior, SqlCommand cmdHandler, SqlDataReader dataStream, BulkCopySimpleResultSet bulkCopyHandler, TdsParserStateObject stateObj, Boolean& dataReady)
         at Microsoft.Data.SqlClient.SqlDataReader.TryHasMoreRows(Boolean& moreRows)
         at Microsoft.Data.SqlClient.SqlDataReader.TryReadInternal(Boolean setTimeout, Boolean& more)
         at Microsoft.Data.SqlClient.SqlDataReader.ReadAsyncExecute(Task task, Object state)
         at Microsoft.Data.SqlClient.SqlDataReader.InvokeAsyncCall[T](SqlDataReaderBaseAsyncCallContext`1 context)
      --- End of stack trace from previous location ---
         at Microsoft.EntityFrameworkCore.Update.AffectedCountModificationCommandBatch.ConsumeResultSetAsync(Int32 startCommandIndex, RelationalDataReader reader, CancellationToken cancellationToken)
      ClientConnectionId:27a6cd61-a158-43af-a835-6b4a1e42c332
      Error Number:547,State:0,Class:16
         --- End of inner exception stack trace ---
         at Microsoft.EntityFrameworkCore.Update.AffectedCountModificationCommandBatch.ConsumeResultSetAsync(Int32 startCommandIndex, RelationalDataReader reader, CancellationToken cancellationToken)
         at Microsoft.EntityFrameworkCore.Update.AffectedCountModificationCommandBatch.ConsumeAsync(RelationalDataReader reader, CancellationToken cancellationToken)
         at Microsoft.EntityFrameworkCore.Update.ReaderModificationCommandBatch.ExecuteAsync(IRelationalConnection connection, CancellationToken cancellationToken)
         at Microsoft.EntityFrameworkCore.Update.ReaderModificationCommandBatch.ExecuteAsync(IRelationalConnection connection, CancellationToken cancellationToken)
         at Microsoft.EntityFrameworkCore.SqlServer.Update.Internal.SqlServerModificationCommandBatch.ExecuteAsync(IRelationalConnection connection, CancellationToken cancellationToken)
         at Microsoft.EntityFrameworkCore.Update.Internal.BatchExecutor.ExecuteAsync(IEnumerable`1 commandBatches, IRelationalConnection connection, CancellationToken cancellationToken)
         at Microsoft.EntityFrameworkCore.Update.Internal.BatchExecutor.ExecuteAsync(IEnumerable`1 commandBatches, IRelationalConnection connection, CancellationToken cancellationToken)
         at Microsoft.EntityFrameworkCore.Update.Internal.BatchExecutor.ExecuteAsync(IEnumerable`1 commandBatches, IRelationalConnection connection, CancellationToken cancellationToken)
         at Microsoft.EntityFrameworkCore.ChangeTracking.Internal.StateManager.SaveChangesAsync(IList`1 entriesToSave, CancellationToken cancellationToken)
         at Microsoft.EntityFrameworkCore.ChangeTracking.Internal.StateManager.SaveChangesAsync(StateManager stateManager, Boolean acceptAllChangesOnSuccess, CancellationToken cancellationToken)
         at Microsoft.EntityFrameworkCore.SqlServer.Storage.Internal.SqlServerExecutionStrategy.ExecuteAsync[TState,TResult](TState state, Func`4 operation, Func`4 verifySucceeded, CancellationToken cancellationToken)
         at Microsoft.EntityFrameworkCore.DbContext.SaveChangesAsync(Boolean acceptAllChangesOnSuccess, CancellationToken cancellationToken)
info: 20-09-2024 12:35:35.682 RelationalEventId.CommandExecuted[20101] (Microsoft.EntityFrameworkCore.Database.Command) 
      Executed DbCommand (4ms) [Parameters=[@p0='?' (Precision = 18) (Scale = 2) (DbType = Decimal), @p1='?' (DbType = Int32), @p2='?' (DbType = DateTime2), @p3='?' (DbType = Int64), @p4='?' (DbType = DateTime2), @p5='?' (DbType = Boolean), @p6='?' (DbType = Int32)], CommandType='Text', CommandTimeout='30']
      SET IMPLICIT_TRANSACTIONS OFF;
      SET NOCOUNT ON;
      INSERT INTO [Invoices] ([InvoiceAmount], [InvoiceCurrencyId], [InvoiceDueDate], [InvoiceNumber], [InvoiceReceivedDate], [IsActive], [VendorId])
      OUTPUT INSERTED.[InvoiceId]
      VALUES (@p0, @p1, @p2, @p3, @p4, @p5, @p6);
fail: 20-09-2024 12:35:35.953 CoreEventId.SaveChangesFailed[10000] (Microsoft.EntityFrameworkCore.Update) 
      An exception occurred in the database while saving changes for context type 'vms.AppDbContext'.
      Microsoft.EntityFrameworkCore.DbUpdateException: An error occurred while saving the entity changes. See the inner exception for details.
       ---> Microsoft.Data.SqlClient.SqlException (0x80131904): The INSERT statement conflicted with the CHECK constraint "CK__Invoices__74AE54BC". The conflict occurred in database "VendorManagementDB", table "dbo.Invoices".
         at Microsoft.Data.SqlClient.SqlConnection.OnError(SqlException exception, Boolean breakConnection, Action`1 wrapCloseInAction)
         at Microsoft.Data.SqlClient.SqlInternalConnection.OnError(SqlException exception, Boolean breakConnection, Action`1 wrapCloseInAction)
         at Microsoft.Data.SqlClient.TdsParser.ThrowExceptionAndWarning(TdsParserStateObject stateObj, Boolean callerHasConnectionLock, Boolean asyncClose)
         at Microsoft.Data.SqlClient.TdsParser.TryRun(RunBehavior runBehavior, SqlCommand cmdHandler, SqlDataReader dataStream, BulkCopySimpleResultSet bulkCopyHandler, TdsParserStateObject stateObj, Boolean& dataReady)
         at Microsoft.Data.SqlClient.SqlDataReader.TryHasMoreRows(Boolean& moreRows)
         at Microsoft.Data.SqlClient.SqlDataReader.TryReadInternal(Boolean setTimeout, Boolean& more)
         at Microsoft.Data.SqlClient.SqlDataReader.ReadAsyncExecute(Task task, Object state)
         at Microsoft.Data.SqlClient.SqlDataReader.InvokeAsyncCall[T](SqlDataReaderBaseAsyncCallContext`1 context)
      --- End of stack trace from previous location ---
         at Microsoft.EntityFrameworkCore.Update.AffectedCountModificationCommandBatch.ConsumeResultSetAsync(Int32 startCommandIndex, RelationalDataReader reader, CancellationToken cancellationToken)
      ClientConnectionId:27a6cd61-a158-43af-a835-6b4a1e42c332
      Error Number:547,State:0,Class:16
         --- End of inner exception stack trace ---
         at Microsoft.EntityFrameworkCore.Update.AffectedCountModificationCommandBatch.ConsumeResultSetAsync(Int32 startCommandIndex, RelationalDataReader reader, CancellationToken cancellationToken)
         at Microsoft.EntityFrameworkCore.Update.AffectedCountModificationCommandBatch.ConsumeAsync(RelationalDataReader reader, CancellationToken cancellationToken)
         at Microsoft.EntityFrameworkCore.Update.ReaderModificationCommandBatch.ExecuteAsync(IRelationalConnection connection, CancellationToken cancellationToken)
         at Microsoft.EntityFrameworkCore.Update.ReaderModificationCommandBatch.ExecuteAsync(IRelationalConnection connection, CancellationToken cancellationToken)
         at Microsoft.EntityFrameworkCore.SqlServer.Update.Internal.SqlServerModificationCommandBatch.ExecuteAsync(IRelationalConnection connection, CancellationToken cancellationToken)
         at Microsoft.EntityFrameworkCore.Update.Internal.BatchExecutor.ExecuteAsync(IEnumerable`1 commandBatches, IRelationalConnection connection, CancellationToken cancellationToken)
         at Microsoft.EntityFrameworkCore.Update.Internal.BatchExecutor.ExecuteAsync(IEnumerable`1 commandBatches, IRelationalConnection connection, CancellationToken cancellationToken)
         at Microsoft.EntityFrameworkCore.Update.Internal.BatchExecutor.ExecuteAsync(IEnumerable`1 commandBatches, IRelationalConnection connection, CancellationToken cancellationToken)
         at Microsoft.EntityFrameworkCore.ChangeTracking.Internal.StateManager.SaveChangesAsync(IList`1 entriesToSave, CancellationToken cancellationToken)
         at Microsoft.EntityFrameworkCore.ChangeTracking.Internal.StateManager.SaveChangesAsync(StateManager stateManager, Boolean acceptAllChangesOnSuccess, CancellationToken cancellationToken)
         at Microsoft.EntityFrameworkCore.SqlServer.Storage.Internal.SqlServerExecutionStrategy.ExecuteAsync[TState,TResult](TState state, Func`4 operation, Func`4 verifySucceeded, CancellationToken cancellationToken)
         at Microsoft.EntityFrameworkCore.DbContext.SaveChangesAsync(Boolean acceptAllChangesOnSuccess, CancellationToken cancellationToken)
warn: 20-09-2024 12:39:56.272 SqlServerEventId.DecimalTypeDefaultWarning[30000] (Microsoft.EntityFrameworkCore.Model.Validation) 
      No store type was specified for the decimal property 'InvoiceAmount' on entity type 'invoice'. This will cause values to be silently truncated if they do not fit in the default precision and scale. Explicitly specify the SQL server column type that can accommodate all the values in 'OnModelCreating' using 'HasColumnType', specify precision and scale using 'HasPrecision', or configure a value converter using 'HasConversion'.
info: 20-09-2024 12:39:56.688 RelationalEventId.CommandExecuted[20101] (Microsoft.EntityFrameworkCore.Database.Command) 
      Executed DbCommand (40ms) [Parameters=[@p0='?' (Precision = 18) (Scale = 2) (DbType = Decimal), @p1='?' (DbType = Int32), @p2='?' (DbType = DateTime2), @p3='?' (DbType = Int64), @p4='?' (DbType = DateTime2), @p5='?' (DbType = Boolean), @p6='?' (DbType = Int32)], CommandType='Text', CommandTimeout='30']
      SET IMPLICIT_TRANSACTIONS OFF;
      SET NOCOUNT ON;
      INSERT INTO [Invoices] ([InvoiceAmount], [InvoiceCurrencyId], [InvoiceDueDate], [InvoiceNumber], [InvoiceReceivedDate], [IsActive], [VendorId])
      OUTPUT INSERTED.[InvoiceId]
      VALUES (@p0, @p1, @p2, @p3, @p4, @p5, @p6);
warn: 20-09-2024 12:49:16.841 SqlServerEventId.DecimalTypeDefaultWarning[30000] (Microsoft.EntityFrameworkCore.Model.Validation) 
      No store type was specified for the decimal property 'InvoiceAmount' on entity type 'Invoice'. This will cause values to be silently truncated if they do not fit in the default precision and scale. Explicitly specify the SQL server column type that can accommodate all the values in 'OnModelCreating' using 'HasColumnType', specify precision and scale using 'HasPrecision', or configure a value converter using 'HasConversion'.
warn: 20-09-2024 12:49:34.808 SqlServerEventId.DecimalTypeDefaultWarning[30000] (Microsoft.EntityFrameworkCore.Model.Validation) 
      No store type was specified for the decimal property 'InvoiceAmount' on entity type 'Invoice'. This will cause values to be silently truncated if they do not fit in the default precision and scale. Explicitly specify the SQL server column type that can accommodate all the values in 'OnModelCreating' using 'HasColumnType', specify precision and scale using 'HasPrecision', or configure a value converter using 'HasConversion'.
info: 20-09-2024 12:49:35.276 RelationalEventId.CommandExecuted[20101] (Microsoft.EntityFrameworkCore.Database.Command) 
      Executed DbCommand (29ms) [Parameters=[], CommandType='Text', CommandTimeout='30']
      SELECT [c].[CurrencyId], [c].[CurrencyCode], [c].[CurrencyName]
      FROM [Currencies] AS [c]
fail: 20-09-2024 12:50:09.978 RelationalEventId.CommandError[20102] (Microsoft.EntityFrameworkCore.Database.Command) 
      Failed executing DbCommand (130ms) [Parameters=[@p0='?' (DbType = Int32), @p1='?' (Size = 4000), @p2='?' (Size = 4000)], CommandType='Text', CommandTimeout='30']
      SET IMPLICIT_TRANSACTIONS OFF;
      SET NOCOUNT ON;
      INSERT INTO [Currencies] ([CurrencyId], [CurrencyCode], [CurrencyName])
      VALUES (@p0, @p1, @p2);
fail: 20-09-2024 12:50:10.196 CoreEventId.SaveChangesFailed[10000] (Microsoft.EntityFrameworkCore.Update) 
      An exception occurred in the database while saving changes for context type 'vms.AppDbContext'.
      Microsoft.EntityFrameworkCore.DbUpdateException: An error occurred while saving the entity changes. See the inner exception for details.
       ---> Microsoft.Data.SqlClient.SqlException (0x80131904): Cannot insert explicit value for identity column in table 'Currencies' when IDENTITY_INSERT is set to OFF.
         at Microsoft.Data.SqlClient.SqlCommand.<>c.<ExecuteDbDataReaderAsync>b__211_0(Task`1 result)
         at System.Threading.Tasks.ContinuationResultTaskFromResultTask`2.InnerInvoke()
         at System.Threading.ExecutionContext.RunInternal(ExecutionContext executionContext, ContextCallback callback, Object state)
      --- End of stack trace from previous location ---
         at System.Threading.ExecutionContext.RunInternal(ExecutionContext executionContext, ContextCallback callback, Object state)
         at System.Threading.Tasks.Task.ExecuteWithThreadLocal(Task& currentTaskSlot, Thread threadPoolThread)
      --- End of stack trace from previous location ---
         at Microsoft.EntityFrameworkCore.Storage.RelationalCommand.ExecuteReaderAsync(RelationalCommandParameterObject parameterObject, CancellationToken cancellationToken)
         at Microsoft.EntityFrameworkCore.Storage.RelationalCommand.ExecuteReaderAsync(RelationalCommandParameterObject parameterObject, CancellationToken cancellationToken)
         at Microsoft.EntityFrameworkCore.Update.ReaderModificationCommandBatch.ExecuteAsync(IRelationalConnection connection, CancellationToken cancellationToken)
      ClientConnectionId:55a40db0-64a8-4fa3-8a23-eed2d2813352
      Error Number:544,State:1,Class:16
         --- End of inner exception stack trace ---
         at Microsoft.EntityFrameworkCore.Update.ReaderModificationCommandBatch.ExecuteAsync(IRelationalConnection connection, CancellationToken cancellationToken)
         at Microsoft.EntityFrameworkCore.SqlServer.Update.Internal.SqlServerModificationCommandBatch.ExecuteAsync(IRelationalConnection connection, CancellationToken cancellationToken)
         at Microsoft.EntityFrameworkCore.Update.Internal.BatchExecutor.ExecuteAsync(IEnumerable`1 commandBatches, IRelationalConnection connection, CancellationToken cancellationToken)
         at Microsoft.EntityFrameworkCore.Update.Internal.BatchExecutor.ExecuteAsync(IEnumerable`1 commandBatches, IRelationalConnection connection, CancellationToken cancellationToken)
         at Microsoft.EntityFrameworkCore.Update.Internal.BatchExecutor.ExecuteAsync(IEnumerable`1 commandBatches, IRelationalConnection connection, CancellationToken cancellationToken)
         at Microsoft.EntityFrameworkCore.ChangeTracking.Internal.StateManager.SaveChangesAsync(IList`1 entriesToSave, CancellationToken cancellationToken)
         at Microsoft.EntityFrameworkCore.ChangeTracking.Internal.StateManager.SaveChangesAsync(StateManager stateManager, Boolean acceptAllChangesOnSuccess, CancellationToken cancellationToken)
         at Microsoft.EntityFrameworkCore.SqlServer.Storage.Internal.SqlServerExecutionStrategy.ExecuteAsync[TState,TResult](TState state, Func`4 operation, Func`4 verifySucceeded, CancellationToken cancellationToken)
         at Microsoft.EntityFrameworkCore.DbContext.SaveChangesAsync(Boolean acceptAllChangesOnSuccess, CancellationToken cancellationToken)
warn: 20-09-2024 12:51:05.606 SqlServerEventId.DecimalTypeDefaultWarning[30000] (Microsoft.EntityFrameworkCore.Model.Validation) 
      No store type was specified for the decimal property 'InvoiceAmount' on entity type 'Invoice'. This will cause values to be silently truncated if they do not fit in the default precision and scale. Explicitly specify the SQL server column type that can accommodate all the values in 'OnModelCreating' using 'HasColumnType', specify precision and scale using 'HasPrecision', or configure a value converter using 'HasConversion'.
fail: 20-09-2024 12:51:06.088 RelationalEventId.CommandError[20102] (Microsoft.EntityFrameworkCore.Database.Command) 
      Failed executing DbCommand (117ms) [Parameters=[@p0='?' (DbType = Int32), @p1='?' (Size = 4000), @p2='?' (Size = 4000)], CommandType='Text', CommandTimeout='30']
      SET IMPLICIT_TRANSACTIONS OFF;
      SET NOCOUNT ON;
      INSERT INTO [Currencies] ([CurrencyId], [CurrencyCode], [CurrencyName])
      VALUES (@p0, @p1, @p2);
fail: 20-09-2024 12:51:06.330 CoreEventId.SaveChangesFailed[10000] (Microsoft.EntityFrameworkCore.Update) 
      An exception occurred in the database while saving changes for context type 'vms.AppDbContext'.
      Microsoft.EntityFrameworkCore.DbUpdateException: An error occurred while saving the entity changes. See the inner exception for details.
       ---> Microsoft.Data.SqlClient.SqlException (0x80131904): Cannot insert explicit value for identity column in table 'Currencies' when IDENTITY_INSERT is set to OFF.
         at Microsoft.Data.SqlClient.SqlCommand.<>c.<ExecuteDbDataReaderAsync>b__211_0(Task`1 result)
         at System.Threading.Tasks.ContinuationResultTaskFromResultTask`2.InnerInvoke()
         at System.Threading.ExecutionContext.RunInternal(ExecutionContext executionContext, ContextCallback callback, Object state)
      --- End of stack trace from previous location ---
         at System.Threading.ExecutionContext.RunInternal(ExecutionContext executionContext, ContextCallback callback, Object state)
         at System.Threading.Tasks.Task.ExecuteWithThreadLocal(Task& currentTaskSlot, Thread threadPoolThread)
      --- End of stack trace from previous location ---
         at Microsoft.EntityFrameworkCore.Storage.RelationalCommand.ExecuteReaderAsync(RelationalCommandParameterObject parameterObject, CancellationToken cancellationToken)
         at Microsoft.EntityFrameworkCore.Storage.RelationalCommand.ExecuteReaderAsync(RelationalCommandParameterObject parameterObject, CancellationToken cancellationToken)
         at Microsoft.EntityFrameworkCore.Update.ReaderModificationCommandBatch.ExecuteAsync(IRelationalConnection connection, CancellationToken cancellationToken)
      ClientConnectionId:9f7f04ef-41b3-4566-bd2c-0fc5cca46dcb
      Error Number:544,State:1,Class:16
         --- End of inner exception stack trace ---
         at Microsoft.EntityFrameworkCore.Update.ReaderModificationCommandBatch.ExecuteAsync(IRelationalConnection connection, CancellationToken cancellationToken)
         at Microsoft.EntityFrameworkCore.SqlServer.Update.Internal.SqlServerModificationCommandBatch.ExecuteAsync(IRelationalConnection connection, CancellationToken cancellationToken)
         at Microsoft.EntityFrameworkCore.Update.Internal.BatchExecutor.ExecuteAsync(IEnumerable`1 commandBatches, IRelationalConnection connection, CancellationToken cancellationToken)
         at Microsoft.EntityFrameworkCore.Update.Internal.BatchExecutor.ExecuteAsync(IEnumerable`1 commandBatches, IRelationalConnection connection, CancellationToken cancellationToken)
         at Microsoft.EntityFrameworkCore.Update.Internal.BatchExecutor.ExecuteAsync(IEnumerable`1 commandBatches, IRelationalConnection connection, CancellationToken cancellationToken)
         at Microsoft.EntityFrameworkCore.ChangeTracking.Internal.StateManager.SaveChangesAsync(IList`1 entriesToSave, CancellationToken cancellationToken)
         at Microsoft.EntityFrameworkCore.ChangeTracking.Internal.StateManager.SaveChangesAsync(StateManager stateManager, Boolean acceptAllChangesOnSuccess, CancellationToken cancellationToken)
         at Microsoft.EntityFrameworkCore.SqlServer.Storage.Internal.SqlServerExecutionStrategy.ExecuteAsync[TState,TResult](TState state, Func`4 operation, Func`4 verifySucceeded, CancellationToken cancellationToken)
         at Microsoft.EntityFrameworkCore.DbContext.SaveChangesAsync(Boolean acceptAllChangesOnSuccess, CancellationToken cancellationToken)
warn: 20-09-2024 12:51:52.015 SqlServerEventId.DecimalTypeDefaultWarning[30000] (Microsoft.EntityFrameworkCore.Model.Validation) 
      No store type was specified for the decimal property 'InvoiceAmount' on entity type 'Invoice'. This will cause values to be silently truncated if they do not fit in the default precision and scale. Explicitly specify the SQL server column type that can accommodate all the values in 'OnModelCreating' using 'HasColumnType', specify precision and scale using 'HasPrecision', or configure a value converter using 'HasConversion'.
info: 20-09-2024 12:51:52.422 RelationalEventId.CommandExecuted[20101] (Microsoft.EntityFrameworkCore.Database.Command) 
      Executed DbCommand (36ms) [Parameters=[@p0='?' (Size = 4000), @p1='?' (Size = 4000)], CommandType='Text', CommandTimeout='30']
      SET IMPLICIT_TRANSACTIONS OFF;
      SET NOCOUNT ON;
      INSERT INTO [Currencies] ([CurrencyCode], [CurrencyName])
      OUTPUT INSERTED.[CurrencyId]
      VALUES (@p0, @p1);
info: 20-09-2024 12:52:03.517 RelationalEventId.CommandExecuted[20101] (Microsoft.EntityFrameworkCore.Database.Command) 
      Executed DbCommand (4ms) [Parameters=[], CommandType='Text', CommandTimeout='30']
      SELECT [c].[CurrencyId], [c].[CurrencyCode], [c].[CurrencyName]
      FROM [Currencies] AS [c]
info: 20-09-2024 12:52:19.813 RelationalEventId.CommandExecuted[20101] (Microsoft.EntityFrameworkCore.Database.Command) 
      Executed DbCommand (3ms) [Parameters=[@__p_0='?' (DbType = Int32)], CommandType='Text', CommandTimeout='30']
      SELECT TOP(1) [c].[CurrencyId], [c].[CurrencyCode], [c].[CurrencyName]
      FROM [Currencies] AS [c]
      WHERE [c].[CurrencyId] = @__p_0
info: 20-09-2024 12:52:19.827 RelationalEventId.CommandExecuted[20101] (Microsoft.EntityFrameworkCore.Database.Command) 
      Executed DbCommand (7ms) [Parameters=[@p0='?' (DbType = Int32)], CommandType='Text', CommandTimeout='30']
      SET IMPLICIT_TRANSACTIONS OFF;
      SET NOCOUNT ON;
      DELETE FROM [Currencies]
      OUTPUT 1
      WHERE [CurrencyId] = @p0;
info: 20-09-2024 12:52:38.746 RelationalEventId.CommandExecuted[20101] (Microsoft.EntityFrameworkCore.Database.Command) 
      Executed DbCommand (3ms) [Parameters=[], CommandType='Text', CommandTimeout='30']
      SELECT [c].[CurrencyId], [c].[CurrencyCode], [c].[CurrencyName]
      FROM [Currencies] AS [c]
warn: 20-09-2024 13:06:41.231 SqlServerEventId.DecimalTypeDefaultWarning[30000] (Microsoft.EntityFrameworkCore.Model.Validation) 
      No store type was specified for the decimal property 'InvoiceAmount' on entity type 'Invoice'. This will cause values to be silently truncated if they do not fit in the default precision and scale. Explicitly specify the SQL server column type that can accommodate all the values in 'OnModelCreating' using 'HasColumnType', specify precision and scale using 'HasPrecision', or configure a value converter using 'HasConversion'.
info: 20-09-2024 13:06:41.708 RelationalEventId.CommandExecuted[20101] (Microsoft.EntityFrameworkCore.Database.Command) 
      Executed DbCommand (32ms) [Parameters=[], CommandType='Text', CommandTimeout='30']
      SELECT [v].[VendorId], [v].[IsActive], [v].[VendorCode], [v].[VendorCreatedOn], [v].[VendorEmail], [v].[VendorLongName], [v].[VendorPhoneNumber]
      FROM [Vendors] AS [v]
info: 20-09-2024 13:07:12.268 RelationalEventId.CommandExecuted[20101] (Microsoft.EntityFrameworkCore.Database.Command) 
      Executed DbCommand (21ms) [Parameters=[@__p_0='?' (DbType = Int32)], CommandType='Text', CommandTimeout='30']
      SELECT TOP(1) [v].[VendorId], [v].[IsActive], [v].[VendorCode], [v].[VendorCreatedOn], [v].[VendorEmail], [v].[VendorLongName], [v].[VendorPhoneNumber]
      FROM [Vendors] AS [v]
      WHERE [v].[VendorId] = @__p_0
warn: 20-09-2024 13:07:53.865 SqlServerEventId.DecimalTypeDefaultWarning[30000] (Microsoft.EntityFrameworkCore.Model.Validation) 
      No store type was specified for the decimal property 'InvoiceAmount' on entity type 'Invoice'. This will cause values to be silently truncated if they do not fit in the default precision and scale. Explicitly specify the SQL server column type that can accommodate all the values in 'OnModelCreating' using 'HasColumnType', specify precision and scale using 'HasPrecision', or configure a value converter using 'HasConversion'.
info: 20-09-2024 13:07:54.299 RelationalEventId.CommandExecuted[20101] (Microsoft.EntityFrameworkCore.Database.Command) 
      Executed DbCommand (23ms) [Parameters=[], CommandType='Text', CommandTimeout='30']
      SELECT [v].[VendorId], [v].[IsActive], [v].[VendorCode], [v].[VendorCreatedOn], [v].[VendorEmail], [v].[VendorLongName], [v].[VendorPhoneNumber]
      FROM [Vendors] AS [v]
warn: 20-09-2024 13:09:12.177 SqlServerEventId.DecimalTypeDefaultWarning[30000] (Microsoft.EntityFrameworkCore.Model.Validation) 
      No store type was specified for the decimal property 'InvoiceAmount' on entity type 'Invoice'. This will cause values to be silently truncated if they do not fit in the default precision and scale. Explicitly specify the SQL server column type that can accommodate all the values in 'OnModelCreating' using 'HasColumnType', specify precision and scale using 'HasPrecision', or configure a value converter using 'HasConversion'.
info: 20-09-2024 13:09:12.697 RelationalEventId.CommandExecuted[20101] (Microsoft.EntityFrameworkCore.Database.Command) 
      Executed DbCommand (40ms) [Parameters=[@__p_0='?' (DbType = Int32)], CommandType='Text', CommandTimeout='30']
      SELECT TOP(1) [v].[VendorId], [v].[IsActive], [v].[VendorCode], [v].[VendorCreatedOn], [v].[VendorEmail], [v].[VendorLongName], [v].[VendorPhoneNumber]
      FROM [Vendors] AS [v]
      WHERE [v].[VendorId] = @__p_0
warn: 20-09-2024 13:18:02.888 SqlServerEventId.DecimalTypeDefaultWarning[30000] (Microsoft.EntityFrameworkCore.Model.Validation) 
      No store type was specified for the decimal property 'InvoiceAmount' on entity type 'Invoice'. This will cause values to be silently truncated if they do not fit in the default precision and scale. Explicitly specify the SQL server column type that can accommodate all the values in 'OnModelCreating' using 'HasColumnType', specify precision and scale using 'HasPrecision', or configure a value converter using 'HasConversion'.
info: 20-09-2024 13:18:03.337 RelationalEventId.CommandExecuted[20101] (Microsoft.EntityFrameworkCore.Database.Command) 
      Executed DbCommand (32ms) [Parameters=[], CommandType='Text', CommandTimeout='30']
      SELECT [v].[VendorId], [v].[IsActive], [v].[VendorCode], [v].[VendorCreatedOn], [v].[VendorEmail], [v].[VendorLongName], [v].[VendorPhoneNumber]
      FROM [Vendors] AS [v]
info: 20-09-2024 13:18:27.161 RelationalEventId.CommandExecuted[20101] (Microsoft.EntityFrameworkCore.Database.Command) 
      Executed DbCommand (20ms) [Parameters=[@__p_0='?' (DbType = Int32)], CommandType='Text', CommandTimeout='30']
      SELECT TOP(1) [v].[VendorId], [v].[IsActive], [v].[VendorCode], [v].[VendorCreatedOn], [v].[VendorEmail], [v].[VendorLongName], [v].[VendorPhoneNumber]
      FROM [Vendors] AS [v]
      WHERE [v].[VendorId] = @__p_0
info: 20-09-2024 13:18:27.218 RelationalEventId.CommandExecuted[20101] (Microsoft.EntityFrameworkCore.Database.Command) 
      Executed DbCommand (6ms) [Parameters=[@p0='?' (DbType = Int32)], CommandType='Text', CommandTimeout='30']
      SET IMPLICIT_TRANSACTIONS OFF;
      SET NOCOUNT ON;
      DELETE FROM [Vendors]
      OUTPUT 1
      WHERE [VendorId] = @p0;
warn: 20-09-2024 13:22:58.560 SqlServerEventId.DecimalTypeDefaultWarning[30000] (Microsoft.EntityFrameworkCore.Model.Validation) 
      No store type was specified for the decimal property 'InvoiceAmount' on entity type 'Invoice'. This will cause values to be silently truncated if they do not fit in the default precision and scale. Explicitly specify the SQL server column type that can accommodate all the values in 'OnModelCreating' using 'HasColumnType', specify precision and scale using 'HasPrecision', or configure a value converter using 'HasConversion'.
info: 20-09-2024 13:22:58.984 RelationalEventId.CommandExecuted[20101] (Microsoft.EntityFrameworkCore.Database.Command) 
      Executed DbCommand (25ms) [Parameters=[], CommandType='Text', CommandTimeout='30']
      SELECT [v].[VendorId], [v].[IsActive], [v].[VendorCode], [v].[VendorCreatedOn], [v].[VendorEmail], [v].[VendorLongName], [v].[VendorPhoneNumber]
      FROM [Vendors] AS [v]
warn: 20-09-2024 13:24:34.865 SqlServerEventId.DecimalTypeDefaultWarning[30000] (Microsoft.EntityFrameworkCore.Model.Validation) 
      No store type was specified for the decimal property 'InvoiceAmount' on entity type 'Invoice'. This will cause values to be silently truncated if they do not fit in the default precision and scale. Explicitly specify the SQL server column type that can accommodate all the values in 'OnModelCreating' using 'HasColumnType', specify precision and scale using 'HasPrecision', or configure a value converter using 'HasConversion'.
info: 20-09-2024 13:24:35.286 RelationalEventId.CommandExecuted[20101] (Microsoft.EntityFrameworkCore.Database.Command) 
      Executed DbCommand (14ms) [Parameters=[], CommandType='Text', CommandTimeout='30']
      SELECT [v].[VendorId], [v].[IsActive], [v].[VendorCode], [v].[VendorCreatedOn], [v].[VendorEmail], [v].[VendorLongName], [v].[VendorPhoneNumber]
      FROM [Vendors] AS [v]
warn: 20-09-2024 13:26:40.242 SqlServerEventId.DecimalTypeDefaultWarning[30000] (Microsoft.EntityFrameworkCore.Model.Validation) 
      No store type was specified for the decimal property 'InvoiceAmount' on entity type 'Invoice'. This will cause values to be silently truncated if they do not fit in the default precision and scale. Explicitly specify the SQL server column type that can accommodate all the values in 'OnModelCreating' using 'HasColumnType', specify precision and scale using 'HasPrecision', or configure a value converter using 'HasConversion'.
info: 20-09-2024 13:26:40.688 RelationalEventId.CommandExecuted[20101] (Microsoft.EntityFrameworkCore.Database.Command) 
      Executed DbCommand (25ms) [Parameters=[], CommandType='Text', CommandTimeout='30']
      SELECT [v].[VendorId], [v].[IsActive], [v].[VendorCode], [v].[VendorCreatedOn], [v].[VendorEmail], [v].[VendorLongName], [v].[VendorPhoneNumber]
      FROM [Vendors] AS [v]
